Arguments: 
  C:\Program Files\nodejs\node.exe C:\Users\sunti\AppData\Roaming\npm\node_modules\yarn\bin\yarn.js add body-parser config cors dotenv expressjoi lodash moment mongoose morgan nodemon swagger-ui-express winston

PATH: 
  C:\Program Files\Common Files\Oracle\Java\javapath;C:\Windows\system32;C:\Windows;C:\Windows\System32\Wbem;C:\Windows\System32\WindowsPowerShell\v1.0\;C:\Windows\System32\OpenSSH\;C:\Program Files\Docker\Docker\resources\bin;C:\ProgramData\DockerDesktop\version-bin;C:\Program Files\Git\cmd;C:\Program Files\nodejs\;C:\Users\sunti\AppData\Local\Programs\Python\Python37\Scripts\;C:\Users\sunti\AppData\Local\Programs\Python\Python37\;C:\Users\sunti\AppData\Local\Programs\Python\Python310\Scripts\;C:\Users\sunti\AppData\Local\Programs\Python\Python310\;C:\Users\sunti\AppData\Local\Microsoft\WindowsApps;C:\Users\sunti\AppData\Local\Programs\Microsoft VS Code\bin;C:\Program Files\heroku\bin;C:\Program Files\Java\jdk-17.0.2\bin;C:\Users\sunti\AppData\Local\Android\Sdk\platform-tools;C:\Users\sunti\AppData\Roaming\npm

Yarn version: 
  1.22.17

Node version: 
  16.14.0

Platform: 
  win32 x64

Trace: 
  Error: https://registry.yarnpkg.com/expressjoi: Not found
      at Request.params.callback [as _callback] (C:\Users\sunti\AppData\Roaming\npm\node_modules\yarn\lib\cli.js:67029:18)
      at Request.self.callback (C:\Users\sunti\AppData\Roaming\npm\node_modules\yarn\lib\cli.js:140883:22)
      at Request.emit (node:events:520:28)
      at Request.<anonymous> (C:\Users\sunti\AppData\Roaming\npm\node_modules\yarn\lib\cli.js:141855:10)
      at Request.emit (node:events:520:28)
      at IncomingMessage.<anonymous> (C:\Users\sunti\AppData\Roaming\npm\node_modules\yarn\lib\cli.js:141777:12)
      at Object.onceWrapper (node:events:639:28)
      at IncomingMessage.emit (node:events:532:35)
      at endReadableNT (node:internal/streams/readable:1346:12)
      at processTicksAndRejections (node:internal/process/task_queues:83:21)

npm manifest: 
  {
    "name": "contacts",
    "version": "1.0.0",
    "description": "",
    "main": "server.js",
    "directories": {
      "test": "tests"
    },
    "scripts": {
      "test": "echo \"Error: no test specified\" && exit 1"
    },
    "author": "",
    "license": "ISC"
  }

yarn manifest: 
  No manifest

Lockfile: 
  No lockfile
